-- Catapult Ultra Synthesis: Report                                              
-- ------------------------- ---------------------------------------------------
-- Version:                  2023.2/1059873 Production Release                   
-- Build Date:               Mon Aug  7 10:54:31 PDT 2023                        
                                                                                 
-- Generated by:             m11102154@cad27                                     
-- Generated date:           Sat Apr 06 18:34:43 CST 2024                        

Solution Settings: EdgeDetect_IP::EdgeDetect_Top.v2
  Current state: extract
  Project: Catapult_5

Design Input Files Specified
  $PROJECT_HOME/../hls_c/inc/EdgeDetect.h
    $PROJECT_HOME/../hls_c/inc/EdgeDetect_defs.h
      $MGC_HOME/shared/include/ac_int.h
      $MGC_HOME/shared/include/ac_fixed.h
      $MGC_HOME/shared/include/ac_channel.h
      $MGC_HOME/shared/include/ac_math/ac_sqrt_pwl.h
        $MGC_HOME/shared/include/ac_float.h
        $MGC_HOME/shared/include/ac_complex.h
        $MGC_HOME/shared/include/ac_math/ac_shift.h
        $MGC_HOME/shared/include/ac_math/ac_normalize.h
      $MGC_HOME/shared/include/ac_math/ac_atan2_cordic.h
    $PROJECT_HOME/../hls_c/inc/EdgeDetect_VerDer.h
      $MGC_HOME/shared/include/mc_scverify.h
    $PROJECT_HOME/../hls_c/inc/EdgeDetect_HorDer.h
      $MGC_HOME/shared/include/mc_scverify.h
    $PROJECT_HOME/../hls_c/inc/EdgeDetect_MagAng.h
      $MGC_HOME/shared/include/mc_scverify.h
  $PROJECT_HOME/../hls_c/src/EdgeDetect_tb.cpp
  $PROJECT_HOME/../bmpUtil/src/bmp_io.cpp

Processes/Blocks in Design
  Process Real Operation(s) count Latency Throughput Reset Length II Comments 
  ------- ----------------------- ------- ---------- ------------ -- --------
  
Bill Of Materials (Datapath)
  Component Name                      Area Score Delay Post Alloc Post Assign 
  ----------------------------------- ---------- ----- ---------- -----------
  [Lib: Catapult_5]                                                           
  EdgeDetect_IP::EdgeDetect_HorDer.v1   1891.380 0.000          0           1 
  EdgeDetect_IP::EdgeDetect_MagAng.v1   5256.221 0.000          0           1 
  EdgeDetect_IP::EdgeDetect_VerDer.v1   2695.187 0.000          0           1 
  [Lib: ccs_ioport]                                                           
  ccs_pipe(35,36,1,2,1,1,0,0,1)          661.930 0.000          0           1 
                                                                              
  TOTAL AREA (After Assignment):       10504.718                              
  
Area Scores
                    Post-Scheduling   Post-DP & FSM Post-Assignment 
  ----------------- --------------- --------------- ---------------
  Total Area Score:   6721.5         10344.3         10504.7        
  Total Reg:          3179.0  (47%)   3483.6  (34%)   3483.6  (33%) 
                                                                    
  DataPath:           6721.5 (100%)  10263.3  (99%)  10422.1  (99%) 
    MUX:              1222.8  (18%)   2470.5  (24%)   1903.0  (18%) 
    FUNC:             2287.5  (34%)   3029.5  (30%)   2192.2  (21%) 
    LOGIC:              32.3   (0%)   1353.7  (13%)   2917.4  (28%) 
    BUFFER:              0.0             0.0             0.0        
    MEM:                 0.0             0.0             0.0        
    ROM:                 0.0             0.0             0.0        
    REG:              3179.0  (47%)   3409.6  (33%)   3409.6  (33%) 
                                                                    
  
  FSM:                   0.0            81.0   (1%)     82.6   (1%) 
    FSM-REG:             0.0            74.0  (91%)     74.0  (90%) 
    FSM-COMB:            0.0             7.0   (9%)      8.6  (10%) 
                                                                    
  
  
  (MUX = multiplexers; FUNC = datapath logic (e.g. add/mult); LOGIC = control logic)

Register-to-Variable Mappings
  Register Size(bits) Gated Register CG Opt Done Variables                                             
  -------- ---------- -------------- ----------- -----------------------------------------------------
                                                                                                       
  Total:            0              0           0 (Total Gating Ratio: 0.00, CG Opt Gating Ratio: 0.00) 
  
Timing Report
  Critical Path
    Max Delay:  2.316949
    Slack:      7.683051
    
    Path                                                                       Startpoint                                                              Endpoint                                              Delay  Slack                     
    -------------------------------------------------------------------------- ----------------------------------------------------------------------- ----------------------------------------------------- ------ ------ ------------------
    1                                                                          EdgeDetect_IP::EdgeDetect_Top/MagAng_inst                               EdgeDetect_IP::EdgeDetect_Top/crc32_dat_out:rsc.zout  2.3169 7.6831                    
                                                                                                                                                                                                                                              
      Instance                                                                 Component                                                                                                                     Delta  Delay  [MIN, MAX]         
      --------                                                                 ---------                                                                                                                     -----  -----  ------------------ 
      EdgeDetect_IP::EdgeDetect_Top/MagAng_inst                                EdgeDetect_IP::EdgeDetect_MagAng(clk=>crc32_dat_out:rsc.zout)                                                                 2.3169 2.3169                    
      EdgeDetect_IP::EdgeDetect_Top/crc32_dat_out:rsc.zout:-:MagAng_inst                                                                                                                                     0.0000 2.3169                    
      EdgeDetect_IP::EdgeDetect_Top/crc32_dat_out:asn(crc32_dat_out:rsc.zout)                                                                                                                                0.0000 2.3169                    
      EdgeDetect_IP::EdgeDetect_Top/crc32_dat_out:rsc.zout                                                                                                                                                   0.0000 2.3169                    
                                                                                                                                                                                                                                              
    2                                                                          EdgeDetect_IP::EdgeDetect_Top/HorDer_inst                               EdgeDetect_IP::EdgeDetect_Top/crc32_dat_out:rsc.zout  2.3169 7.6831                    
                                                                                                                                                                                                                                              
      Instance                                                                 Component                                                                                                                     Delta  Delay  [MIN, MAX]         
      --------                                                                 ---------                                                                                                                     -----  -----  ------------------ 
      EdgeDetect_IP::EdgeDetect_Top/HorDer_inst                                EdgeDetect_IP::EdgeDetect_HorDer(clk=>dx:rsc.dat)                                                                             0.1060 0.1060                    
      EdgeDetect_IP::EdgeDetect_Top/dx:rsc.dat:-:HorDer_inst                                                                                                                                                 0.0000 0.1060                    
      EdgeDetect_IP::EdgeDetect_Top/MagAng_inst                                EdgeDetect_IP::EdgeDetect_MagAng(dx_in:rsc.dat=>crc32_dat_out:rsc.zout)                                                       2.2109 2.3169                    
      EdgeDetect_IP::EdgeDetect_Top/crc32_dat_out:rsc.zout:-:MagAng_inst                                                                                                                                     0.0000 2.3169                    
      EdgeDetect_IP::EdgeDetect_Top/crc32_dat_out:asn(crc32_dat_out:rsc.zout)                                                                                                                                0.0000 2.3169                    
      EdgeDetect_IP::EdgeDetect_Top/crc32_dat_out:rsc.zout                                                                                                                                                   0.0000 2.3169                    
                                                                                                                                                                                                                                              
    3                                                                          EdgeDetect_IP::EdgeDetect_Top/dy_chan:cns.pipe                          EdgeDetect_IP::EdgeDetect_Top/crc32_dat_out:rsc.zout  2.0990 7.9010                    
                                                                                                                                                                                                                                              
      Instance                                                                 Component                                                                                                                     Delta  Delay  [MIN, MAX]         
      --------                                                                 ---------                                                                                                                     -----  -----  ------------------ 
      EdgeDetect_IP::EdgeDetect_Top/dy_chan:cns.pipe                           ccs_pipe_v6_35_36_1_2_1_1_0_0_1(clk=>dout)                                                                                    0.0000 0.0000                    
      EdgeDetect_IP::EdgeDetect_Top/dy_in:rsc.dat:-:MagAng_inst                                                                                                                                              0.0000 0.0000                    
      EdgeDetect_IP::EdgeDetect_Top/MagAng_inst                                EdgeDetect_IP::EdgeDetect_MagAng(dy_in:rsc.dat=>crc32_dat_out:rsc.zout)                                                       2.0990 2.0990                    
      EdgeDetect_IP::EdgeDetect_Top/crc32_dat_out:rsc.zout:-:MagAng_inst                                                                                                                                     0.0000 2.0990                    
      EdgeDetect_IP::EdgeDetect_Top/crc32_dat_out:asn(crc32_dat_out:rsc.zout)                                                                                                                                0.0000 2.0990                    
      EdgeDetect_IP::EdgeDetect_Top/crc32_dat_out:rsc.zout                                                                                                                                                   0.0000 2.0990                    
                                                                                                                                                                                                                                              
    4                                                                          EdgeDetect_IP::EdgeDetect_Top/clk                                       EdgeDetect_IP::EdgeDetect_Top/MagAng_inst             1.6511 8.3489                    
                                                                                                                                                                                                                                              
      Instance                                                                 Component                                                                                                                     Delta  Delay  [MIN, MAX]         
      --------                                                                 ---------                                                                                                                     -----  -----  ------------------ 
      EdgeDetect_IP::EdgeDetect_Top/clk                                                                                                                                                                      0.0000 0.0000                    
      EdgeDetect_IP::EdgeDetect_Top/MagAng_inst                                EdgeDetect_IP::EdgeDetect_MagAng                                                                                              1.6511 1.6511                    
                                                                                                                                                                                                                                              
    5                                                                          EdgeDetect_IP::EdgeDetect_Top/HorDer_inst                               EdgeDetect_IP::EdgeDetect_Top/MagAng_inst             1.6511 8.3489                    
                                                                                                                                                                                                                                              
      Instance                                                                 Component                                                                                                                     Delta  Delay  [MIN, MAX]         
      --------                                                                 ---------                                                                                                                     -----  -----  ------------------ 
      EdgeDetect_IP::EdgeDetect_Top/HorDer_inst                                EdgeDetect_IP::EdgeDetect_HorDer(clk=>dx:rsc.dat)                                                                             0.1060 0.1060                    
      EdgeDetect_IP::EdgeDetect_Top/dx:rsc.dat:-:HorDer_inst                                                                                                                                                 0.0000 0.1060                    
      EdgeDetect_IP::EdgeDetect_Top/MagAng_inst                                EdgeDetect_IP::EdgeDetect_MagAng(dx_in:rsc.dat=>clk)                                                                          1.5451 1.6511                    
                                                                                                                                                                                                                                              
    6                                                                          EdgeDetect_IP::EdgeDetect_Top/MagAng_inst                               EdgeDetect_IP::EdgeDetect_Top/crc32_dat_out:rsc.lzout 1.4273 8.5727                    
                                                                                                                                                                                                                                              
      Instance                                                                 Component                                                                                                                     Delta  Delay  [MIN, MAX]         
      --------                                                                 ---------                                                                                                                     -----  -----  ------------------ 
      EdgeDetect_IP::EdgeDetect_Top/MagAng_inst                                EdgeDetect_IP::EdgeDetect_MagAng(clk=>crc32_dat_out:rsc.lzout)                                                                1.4273 1.4273                    
      EdgeDetect_IP::EdgeDetect_Top/crc32_dat_out:rsc.lzout:-:MagAng_inst.bud                                                                                                                                0.0000 1.4273                    
      EdgeDetect_IP::EdgeDetect_Top/crc32_dat_out:asn(crc32_dat_out:rsc.lzout)                                                                                                                               0.0000 1.4273                    
      EdgeDetect_IP::EdgeDetect_Top/crc32_dat_out:rsc.lzout                                                                                                                                                  0.0000 1.4273                    
                                                                                                                                                                                                                                              
    7                                                                          EdgeDetect_IP::EdgeDetect_Top/MagAng_inst                               EdgeDetect_IP::EdgeDetect_Top/crc32_pix_in:rsc.lzout  1.4273 8.5727                    
                                                                                                                                                                                                                                              
      Instance                                                                 Component                                                                                                                     Delta  Delay  [MIN, MAX]         
      --------                                                                 ---------                                                                                                                     -----  -----  ------------------ 
      EdgeDetect_IP::EdgeDetect_Top/MagAng_inst                                EdgeDetect_IP::EdgeDetect_MagAng(clk=>crc32_pix_in:rsc.lzout)                                                                 1.4273 1.4273                    
      EdgeDetect_IP::EdgeDetect_Top/crc32_pix_in:rsc.lzout:-:MagAng_inst.bud                                                                                                                                 0.0000 1.4273                    
      EdgeDetect_IP::EdgeDetect_Top/crc32_pix_in:asn(crc32_pix_in:rsc.lzout)                                                                                                                                 0.0000 1.4273                    
      EdgeDetect_IP::EdgeDetect_Top/crc32_pix_in:rsc.lzout                                                                                                                                                   0.0000 1.4273                    
                                                                                                                                                                                                                                              
    8                                                                          EdgeDetect_IP::EdgeDetect_Top/dy_chan:cns.pipe                          EdgeDetect_IP::EdgeDetect_Top/MagAng_inst             1.4247 8.5753                    
                                                                                                                                                                                                                                              
      Instance                                                                 Component                                                                                                                     Delta  Delay  [MIN, MAX]         
      --------                                                                 ---------                                                                                                                     -----  -----  ------------------ 
      EdgeDetect_IP::EdgeDetect_Top/dy_chan:cns.pipe                           ccs_pipe_v6_35_36_1_2_1_1_0_0_1(clk=>dout)                                                                                    0.0000 0.0000                    
      EdgeDetect_IP::EdgeDetect_Top/dy_in:rsc.dat:-:MagAng_inst                                                                                                                                              0.0000 0.0000                    
      EdgeDetect_IP::EdgeDetect_Top/MagAng_inst                                EdgeDetect_IP::EdgeDetect_MagAng(dy_in:rsc.dat=>clk)                                                                          1.4247 1.4247                    
                                                                                                                                                                                                                                              
    9                                                                          EdgeDetect_IP::EdgeDetect_Top/clk                                       EdgeDetect_IP::EdgeDetect_Top/HorDer_inst             1.4229 8.5771                    
                                                                                                                                                                                                                                              
      Instance                                                                 Component                                                                                                                     Delta  Delay  [MIN, MAX]         
      --------                                                                 ---------                                                                                                                     -----  -----  ------------------ 
      EdgeDetect_IP::EdgeDetect_Top/clk                                                                                                                                                                      0.0000 0.0000                    
      EdgeDetect_IP::EdgeDetect_Top/HorDer_inst                                EdgeDetect_IP::EdgeDetect_HorDer                                                                                              1.4229 1.4229                    
                                                                                                                                                                                                                                              
    10                                                                         EdgeDetect_IP::EdgeDetect_Top/widthIn                                   EdgeDetect_IP::EdgeDetect_Top/HorDer_inst             1.4229 8.5771                    
                                                                                                                                                                                                                                              
      Instance                                                                 Component                                                                                                                     Delta  Delay  [MIN, MAX]         
      --------                                                                 ---------                                                                                                                     -----  -----  ------------------ 
      EdgeDetect_IP::EdgeDetect_Top/widthIn                                                                                                                                                                  0.0000 0.0000                    
      EdgeDetect_IP::EdgeDetect_Top/HorDer_inst                                EdgeDetect_IP::EdgeDetect_HorDer(widthIn=>clk)                                                                                1.4229 1.4229                    
                                                                                                                                                                                                                                              
    
  Register Input and Register-to-Output Slack
    Clock period or pin-to-reg delay constraint (clk): 10.0
    Clock uncertainty constraint (clk)               : 0.0
    
    Instance                      Port                     Slack (Delay) Messages 
    ----------------------------- ----------------------- ------ ------- --------
    EdgeDetect_IP::EdgeDetect_Top sw_in.triosy.lz         9.7775  0.2225          
    EdgeDetect_IP::EdgeDetect_Top crc32_pix_in:rsc.zout   8.7222  1.2778          
    EdgeDetect_IP::EdgeDetect_Top crc32_pix_in:rsc.lzout  8.5727  1.4273          
    EdgeDetect_IP::EdgeDetect_Top crc32_pix_in.triosy.lz  9.7775  0.2225          
    EdgeDetect_IP::EdgeDetect_Top crc32_dat_out:rsc.zout  7.6831  2.3169          
    EdgeDetect_IP::EdgeDetect_Top crc32_dat_out:rsc.lzout 8.5727  1.4273          
    EdgeDetect_IP::EdgeDetect_Top crc32_dat_out.triosy.lz 9.7775  0.2225          
    EdgeDetect_IP::EdgeDetect_Top dat_in:rsc.rdy          9.0708  0.9292          
    EdgeDetect_IP::EdgeDetect_Top dat_out:rsc.dat         9.8940  0.1060          
    EdgeDetect_IP::EdgeDetect_Top dat_out:rsc.vld         9.7775  0.2225          
    EdgeDetect_IP::EdgeDetect_Top line_buf0:rsc.en        9.0708  0.9292          
    EdgeDetect_IP::EdgeDetect_Top line_buf0:rsc.we        9.8103  0.1897          
    EdgeDetect_IP::EdgeDetect_Top line_buf0:rsc.d         9.3142  0.6858          
    EdgeDetect_IP::EdgeDetect_Top line_buf0:rsc.adr       9.8940  0.1060          
    EdgeDetect_IP::EdgeDetect_Top line_buf1:rsc.en        9.0708  0.9292          
    EdgeDetect_IP::EdgeDetect_Top line_buf1:rsc.we        9.8103  0.1897          
    EdgeDetect_IP::EdgeDetect_Top line_buf1:rsc.d         9.5314  0.4686          
    EdgeDetect_IP::EdgeDetect_Top line_buf1:rsc.adr       9.8940  0.1060          
    
Operator Bitwidth Summary
  Operation   Size (bits) Count 
  ----------- ----------- -----
  chsize_port                   
  -                     1     1 
  
End of Report
